# Bitácora de Ejecución Científica - AMI-VIRTU


============================================================
EJECUCIÓN: 2026-04-27 14:40:40
Entorno: Híbrido (Restauración Doctoral) | Registros: 263 | Accuracy: 0.82
------------------------------------------------------------
RESULTADOS DETALLADOS:
1. PSICOMETRÍA (CONSISTENCIA INTERNA):
       Dimension  Cronbach_Alpha  McDonald_Omega          CI_95%
0        Critico        0.867892        0.885250  [0.843, 0.890]
1        Tecnico        0.862111        0.879354  [0.836, 0.886]
2  Participativo        0.865071        0.882373  [0.839, 0.888]

2. AUDITORÍA DE CALIDAD (INCONSISTENCIAS):
   - Casos Sospechosos Detectados: 0
   - Metodología: Filtrado semántico mediante HybridIntegrator.

3. CONTRASTES SOCIODEMOGRÁFICOS:
   - Sexo                     : Estadístico=0.2071, p-valor=0.8361
   - Universidad              : Estadístico=0.6044, p-valor=0.5471

3. ASOCIACIONES BIVARIADAS (AMI vs RIESGO):
   - Score_Critico       : Pearson_r=-0.381 (p=0.0000) | Spearman_rho=-0.393
   - Score_Tecnico       : Pearson_r=-0.482 (p=0.0000) | Spearman_rho=-0.482
   - Score_Participativo : Pearson_r=-0.441 (p=0.0000) | Spearman_rho=-0.439
   - Score_AMI_Global    : Pearson_r=-0.507 (p=0.0000) | Spearman_rho=-0.516

4. MODELO DE REGRESIÓN LOGÍSTICA (INFERENCIA CIENTÍFICA):
- Resumen Completo del Modelo:
                           Logit Regression Results                           
==============================================================================
Dep. Variable:           Riesgo_Total   No. Observations:                  184
Model:                          Logit   Df Residuals:                      180
Method:                           MLE   Df Model:                            3
Date:                Mon, 27 Apr 2026   Pseudo R-squ.:                  0.2084
Time:                        14:40:11   Log-Likelihood:                -81.902
converged:                       True   LL-Null:                       -103.47
Covariance Type:            nonrobust   LLR p-value:                 2.304e-09
=======================================================================================
                          coef    std err          z      P>|z|      [0.025      0.975]
---------------------------------------------------------------------------------------
const                   1.4860      0.225      6.594      0.000       1.044       1.928
Score_Critico          -0.2351      0.261     -0.902      0.367      -0.746       0.276
Score_Tecnico          -0.7695      0.300     -2.567      0.010      -1.357      -0.182
Score_Participativo    -0.5189      0.282     -1.842      0.065      -1.071       0.033
=======================================================================================
   - Accuracy: 0.8228
   - Umbral Óptimo (Índice de Youden): 0.7774

5. ENSAMBLES AVANZADOS (GRADIENT BOOSTING):
   - Accuracy: 0.7468
   - SHAP Global (Impacto por Dimensión):
      Critico         | 0.2906 | ##############
      Tecnico         | 0.5098 | #########################
      Participativo   | 0.1995 | #########

6. SEGMENTACIÓN MULTIALGORITMO:
   [K-Means]:
     - Grupo 0 (N=73): Crit=2.14, Tec=2.05, Part=2.00 | RIESGO=95.89%
     - Grupo 1 (N=123): Crit=2.88, Tec=2.84, Part=2.91 | RIESGO=79.67%
     - Grupo 2 (N=67): Crit=3.77, Tec=3.81, Part=3.71 | RIESGO=40.30%
   [Jerarquico-Ward]:
     - Grupo 0 (N=96): Crit=2.12, Tec=2.26, Part=2.31 | RIESGO=94.79%
     - Grupo 1 (N=120): Crit=3.11, Tec=2.95, Part=2.93 | RIESGO=72.50%
     - Grupo 2 (N=47): Crit=3.96, Tec=3.90, Part=3.83 | RIESGO=36.17%
   [DBSCAN]:
     - Grupo 0 (N=5): Crit=2.38, Tec=2.26, Part=2.02 | RIESGO=100.00%
     - Grupo 1 (N=10): Crit=2.75, Tec=2.59, Part=2.79 | RIESGO=90.00%
     - Grupo 2 (N=19): Crit=2.94, Tec=2.67, Part=2.32 | RIESGO=89.47%
     - Grupo 3 (N=7): Crit=3.54, Tec=3.31, Part=3.31 | RIESGO=42.86%
     - Grupo 4 (N=7): Crit=3.20, Tec=3.60, Part=3.34 | RIESGO=28.57%
     - Grupo 5 (N=4): Crit=2.40, Tec=2.12, Part=2.27 | RIESGO=100.00%
     - Grupo 6 (N=7): Crit=2.31, Tec=2.40, Part=3.16 | RIESGO=85.71%
     - Grupo 7 (N=9): Crit=2.81, Tec=2.97, Part=3.29 | RIESGO=44.44%
     - Grupo 8 (N=5): Crit=3.34, Tec=2.98, Part=3.04 | RIESGO=80.00%
   [GMM]:
     - Grupo 0 (N=80): Crit=3.71, Tec=3.72, Part=3.60 | RIESGO=42.50%
     - Grupo 1 (N=134): Crit=2.74, Tec=2.72, Part=2.80 | RIESGO=84.33%
     - Grupo 2 (N=49): Crit=2.02, Tec=1.88, Part=1.84 | RIESGO=97.96%

7. EXPLAINABLE AI (XAI) GRANULAR (TOP 10 ÍTEMS):
     1. T4: Impacto 0.3503
     2. T7: Impacto 0.3382
     3. C6: Impacto 0.2441
     4. T10: Impacto 0.2410
     5. T6: Impacto 0.1953
     6. P2: Impacto 0.1577
     7. P1: Impacto 0.1475
     8. P5: Impacto 0.1339
     9. C4: Impacto 0.1147
     10. T1: Impacto 0.1134

============================================================
